PLINK v1.90b6.9 64-bit (4 Mar 2019)
Options in effect:
  --bfile tmp.data
  --exclude dup.txt
  --make-bed
  --out HAPMAP_hg19_new_151

Hostname: beluga4.int.ets1.calculquebec.ca
Working directory: /lustre03/project/6004655/COMMUN/runs/eyu8/QC_script/Genotype_QC_Package_NIH
Start time: Sat Feb 15 16:51:53 2020

Random number seed: 1581803513
191867 MB RAM detected; reserving 95933 MB for main workspace.
1101133 variants loaded from .bim file.
640 people (318 males, 322 females) loaded from .fam.
--exclude: 1101082 variants remaining.
Using 1 thread (no multithreaded calculations invoked).
Before main variant filters, 640 founders and 0 nonfounders present.
Calculating allele frequencies... done.
Total genotyping rate is 0.998533.
1101082 variants and 640 people pass filters and QC.
Note: No phenotypes present.
--make-bed to HAPMAP_hg19_new_151.bed + HAPMAP_hg19_new_151.bim +
HAPMAP_hg19_new_151.fam ... done.

End time: Sat Feb 15 16:51:55 2020
