PLINK v1.90b4.1 64-bit (30 Mar 2017)
Options in effect:
  --bfile hapmap_bed_filtered_HG19
  --keep new.txt
  --make-bed
  --out HAPMAP_hg19_new

Hostname: ndsl-ndru-3866
Working directory: /Users/blauwendraatc/Desktop/PD_imputation/essentials_GWAS2.0
Start time: Fri Jul 28 15:06:37 2017

Random number seed: 1501268797
16384 MB RAM detected; reserving 8192 MB for main workspace.
1101133 variants loaded from .bim file.
965 people (473 males, 492 females) loaded from .fam.
--keep: 640 people remaining.
Using 1 thread (no multithreaded calculations invoked).
Before main variant filters, 640 founders and 0 nonfounders present.
Calculating allele frequencies... done.
Total genotyping rate in remaining samples is 0.998533.
1101133 variants and 640 people pass filters and QC.
Note: No phenotypes present.
--make-bed to HAPMAP_hg19_new.bed + HAPMAP_hg19_new.bim + HAPMAP_hg19_new.fam
... done.

End time: Fri Jul 28 15:06:40 2017
